<?xml version="1.0" encoding="UTF-8"?>
<!-- Generated by org.testng.reporters.JUnitXMLReporter -->
<testsuite ignored="1" hostname="LIN51017263" failures="0" tests="2" name="Command line test" time="23.611" errors="0" timestamp="09 Dec 2021 04:03:10 GMT">
  <testcase classname="com.test.LoginTest" name="VerifyLogin" time="19.034"/>
  <testcase classname="com.test.LoginTest" name="VerifyAddUser" time="3.027"/>
  <testcase classname="com.test.BaseTest" name="@BeforeTest setUp" time="0.0">
    <ignored/>
  </testcase> <!-- @BeforeTest setUp -->
</testsuite> <!-- Command line test -->
